<?xml version="1.0" encoding="UTF-8"?>
<testng-results skipped="0" failed="0" total="1" passed="1">
  <reporter-output>
  </reporter-output>
  <suite name="Default suite" duration-ms="59662" started-at="2018-07-21T09:31:23Z" finished-at="2018-07-21T09:32:23Z">
    <groups>
    </groups>
    <test name="Default test" duration-ms="59662" started-at="2018-07-21T09:31:23Z" finished-at="2018-07-21T09:32:23Z">
      <class name="Nav_handle">
        <test-method status="PASS" signature="test()[pri:0, instance:Nav_handle@9f116cc]" name="test" duration-ms="59510" started-at="2018-07-21T15:01:24Z" finished-at="2018-07-21T15:02:23Z">
          <reporter-output>
          </reporter-output>
        </test-method> <!-- test -->
      </class> <!-- Nav_handle -->
    </test> <!-- Default test -->
  </suite> <!-- Default suite -->
</testng-results>
